0 info it worked if it ends with ok
1 verbose cli [ 'C:\\Program Files\\nodejs\\node.exe',
1 verbose cli   'C:\\Users\\shibuyamizou\\AppData\\Roaming\\npm\\node_modules\\npm\\bin\\npm-cli.js',
1 verbose cli   'install',
1 verbose cli   '-g',
1 verbose cli   'polymer-cli' ]
2 info using npm@2.14.0
3 info using node@v6.2.0
4 verbose install initial load of C:\Program Files\nodejs\package.json
5 verbose readDependencies loading dependencies from C:\Program Files\nodejs\package.json
6 silly cache add args [ 'polymer-cli', null ]
7 verbose cache add spec polymer-cli
8 silly cache add parsed spec Result {
8 silly cache add   raw: 'polymer-cli',
8 silly cache add   scope: null,
8 silly cache add   name: 'polymer-cli',
8 silly cache add   rawSpec: '',
8 silly cache add   spec: '*',
8 silly cache add   type: 'range' }
9 silly addNamed polymer-cli@*
10 verbose addNamed "*" is a valid semver range for polymer-cli
11 silly addNameRange { name: 'polymer-cli', range: '*', hasData: false }
12 silly mapToRegistry name polymer-cli
13 silly mapToRegistry using default registry
14 silly mapToRegistry registry https://registry.npmjs.org/
15 silly mapToRegistry uri https://registry.npmjs.org/polymer-cli
16 verbose addNameRange registry:https://registry.npmjs.org/polymer-cli not in flight; fetching
17 verbose request uri https://registry.npmjs.org/polymer-cli
18 verbose request no auth needed
19 info attempt registry request try #1 at 10:09:16 AM
20 verbose request id 2f5d0497a03c0b32
21 verbose etag "EZMBMFGFCN73KOPK4Q879W014"
22 http request GET https://registry.npmjs.org/polymer-cli
23 http 304 https://registry.npmjs.org/polymer-cli
24 silly get cb [ 304,
24 silly get   { date: 'Fri, 27 May 2016 14:09:09 GMT',
24 silly get     via: '1.1 varnish',
24 silly get     'cache-control': 'max-age=300',
24 silly get     etag: '"EZMBMFGFCN73KOPK4Q879W014"',
24 silly get     age: '61',
24 silly get     connection: 'keep-alive',
24 silly get     'x-served-by': 'cache-jfk1049-JFK',
24 silly get     'x-cache': 'HIT',
24 silly get     'x-cache-hits': '1',
24 silly get     'x-timer': 'S1464358149.612081,VS0,VE0',
24 silly get     vary: 'Accept-Encoding' } ]
25 verbose etag https://registry.npmjs.org/polymer-cli from cache
26 verbose get saving polymer-cli to C:\Users\shibuyamizou\AppData\Roaming\npm-cache\registry.npmjs.org\polymer-cli\.cache.json
27 silly addNameRange number 2 { name: 'polymer-cli', range: '*', hasData: true }
28 silly addNameRange versions [ 'polymer-cli',
28 silly addNameRange   [ '0.1.0',
28 silly addNameRange     '0.2.0',
28 silly addNameRange     '0.3.0',
28 silly addNameRange     '0.4.0',
28 silly addNameRange     '0.5.0',
28 silly addNameRange     '0.5.0-apache',
28 silly addNameRange     '0.5.1-apache',
28 silly addNameRange     '0.6.0',
28 silly addNameRange     '0.7.0',
28 silly addNameRange     '0.7.0-apache',
28 silly addNameRange     '0.7.1-apache',
28 silly addNameRange     '0.8.0',
28 silly addNameRange     '0.9.0',
28 silly addNameRange     '0.10.0' ] ]
29 silly addNamed polymer-cli@0.10.0
30 verbose addNamed "0.10.0" is a plain semver version for polymer-cli
31 silly cache afterAdd polymer-cli@0.10.0
32 verbose afterAdd C:\Users\shibuyamizou\AppData\Roaming\npm-cache\polymer-cli\0.10.0\package\package.json not in flight; writing
33 verbose afterAdd C:\Users\shibuyamizou\AppData\Roaming\npm-cache\polymer-cli\0.10.0\package\package.json written
34 silly install resolved [ { name: 'polymer-cli',
34 silly install resolved     version: '0.10.0',
34 silly install resolved     description: 'A commandline tool for Polymer projects',
34 silly install resolved     main: 'lib/polymer-cli.js',
34 silly install resolved     engines: { node: '>=4.0' },
34 silly install resolved     bin: { polymer: 'bin/polymer.js' },
34 silly install resolved     scripts:
34 silly install resolved      { lint: 'gulp lint',
34 silly install resolved        init: 'gulp init',
34 silly install resolved        build: 'gulp build',
34 silly install resolved        test: 'gulp test',
34 silly install resolved        prepublish: 'gulp build-all && gulp test' },
34 silly install resolved     repository:
34 silly install resolved      { type: 'git',
34 silly install resolved        url: 'git+https://github.com/Polymer/polymer-cli.git' },
34 silly install resolved     author: { name: 'The Polymer Project Authors' },
34 silly install resolved     license: 'BSD-3-Clause',
34 silly install resolved     dependencies:
34 silly install resolved      { chalk: '^1.1.3',
34 silly install resolved        clone: '^1.0.2',
34 silly install resolved        'command-line-args': '^2.1.6',
34 silly install resolved        'command-line-commands': '^0.1.2',
34 silly install resolved        'css-slam': '^1.1.0',
34 silly install resolved        dom5: '^1.3.1',
34 silly install resolved        findup: '^0.1.5',
34 silly install resolved        'fs-extra': '^0.30.0',
34 silly install resolved        'generator-polymer-init': '^0.0.3',
34 silly install resolved        github: '^0.2.4',
34 silly install resolved        gulp: '^3.9.1',
34 silly install resolved        'gulp-html-minifier': '^0.1.8',
34 silly install resolved        'gulp-if': '^2.0.0',
34 silly install resolved        'gunzip-maybe': '^1.3.1',
34 silly install resolved        hydrolysis: '^1.23.3',
34 silly install resolved        inquirer: '^1.0.2',
34 silly install resolved        liftoff: '^2.2.1',
34 silly install resolved        'merge-stream': '^1.0.0',
34 silly install resolved        'minimatch-all': '^1.0.2',
34 silly install resolved        multipipe: '^0.3.0',
34 silly install resolved        plylog: '^0.4.0',
34 silly install resolved        polylint: '^2.10.0',
34 silly install resolved        polyserve: '^0.12.0',
34 silly install resolved        request: '^2.72.0',
34 silly install resolved        resolve: '^1.1.7',
34 silly install resolved        'sw-precache': '^3.1.1',
34 silly install resolved        'tar-fs': '^1.12.0',
34 silly install resolved        temp: '^0.8.3',
34 silly install resolved        through2: '^2.0.1',
34 silly install resolved        'uglify-js': '^2.6.2',
34 silly install resolved        vinyl: '^1.1.1',
34 silly install resolved        'vinyl-fs': '^2.4.3',
34 silly install resolved        vulcanize: '^1.14.8',
34 silly install resolved        'web-component-tester': '^4.2.0',
34 silly install resolved        'yeoman-environment': '^1.5.2',
34 silly install resolved        'yeoman-generator': '^0.23.3' },
34 silly install resolved     devDependencies:
34 silly install resolved      { chai: '^3.5.0',
34 silly install resolved        depcheck: '^0.6.3',
34 silly install resolved        'gulp-eslint': '^2.0.0',
34 silly install resolved        'gulp-mocha': '^2.2.0',
34 silly install resolved        'gulp-tslint': '^5.0.0',
34 silly install resolved        'gulp-typescript': '^2.13.4',
34 silly install resolved        'gulp-typings': '^1.3.6',
34 silly install resolved        'run-sequence': '^1.2.0',
34 silly install resolved        sinon: '^1.17.4',
34 silly install resolved        tslint: '^3.10.2',
34 silly install resolved        'vinyl-fs-fake': '^1.1.0',
34 silly install resolved        'yeoman-assert': '^2.2.1',
34 silly install resolved        'yeoman-test': '^1.1.0' },
34 silly install resolved     gitHead: '1e4a6841be3b9f1d48be918074c6516dc959adf4',
34 silly install resolved     bugs: { url: 'https://github.com/Polymer/polymer-cli/issues' },
34 silly install resolved     homepage: 'https://github.com/Polymer/polymer-cli#readme',
34 silly install resolved     _id: 'polymer-cli@0.10.0',
34 silly install resolved     _shasum: '0b5db69d2a1b2f4127c9c78f0561eba7a8a7dc83',
34 silly install resolved     _from: 'polymer-cli@*',
34 silly install resolved     _npmVersion: '3.8.6',
34 silly install resolved     _nodeVersion: '6.1.0',
34 silly install resolved     _npmUser: { name: 'polymer', email: 'admin@polymer-project.org' },
34 silly install resolved     dist:
34 silly install resolved      { shasum: '0b5db69d2a1b2f4127c9c78f0561eba7a8a7dc83',
34 silly install resolved        tarball: 'https://registry.npmjs.org/polymer-cli/-/polymer-cli-0.10.0.tgz' },
34 silly install resolved     maintainers: [ [Object], [Object] ],
34 silly install resolved     _npmOperationalInternal:
34 silly install resolved      { host: 'packages-12-west.internal.npmjs.com',
34 silly install resolved        tmp: 'tmp/polymer-cli-0.10.0.tgz_1464302357183_0.2590286289341748' },
34 silly install resolved     directories: {},
34 silly install resolved     _resolved: 'https://registry.npmjs.org/polymer-cli/-/polymer-cli-0.10.0.tgz',
34 silly install resolved     readme: 'ERROR: No README data found!' } ]
35 info install polymer-cli@0.10.0 into C:\Program Files\nodejs
36 info installOne polymer-cli@0.10.0
37 verbose installOne of polymer-cli to C:\Program Files\nodejs not in flight; installing
38 verbose lock using C:\Users\shibuyamizou\AppData\Roaming\npm-cache\_locks\polymer-cli-3ff5b9b05f268ab1.lock for C:\Program Files\nodejs\node_modules\polymer-cli
39 silly install write writing polymer-cli 0.10.0 to C:\Program Files\nodejs\node_modules\polymer-cli
40 verbose unbuild node_modules\polymer-cli
41 silly gentlyRm C:\Program Files\nodejs\node_modules\polymer-cli is being purged from base C:\Program Files\nodejs
42 verbose gentlyRm don't care about contents; nuking C:\Program Files\nodejs\node_modules\polymer-cli
43 verbose tar unpack C:\Users\shibuyamizou\AppData\Roaming\npm-cache\polymer-cli\0.10.0\package.tgz
44 verbose tar unpacking to C:\Program Files\nodejs\node_modules\polymer-cli
45 silly gentlyRm C:\Program Files\nodejs\node_modules\polymer-cli is being purged
46 verbose gentlyRm don't care about contents; nuking C:\Program Files\nodejs\node_modules\polymer-cli
47 silly gunzTarPerm modes [ '777', '666' ]
48 error tar.unpack untar error C:\Users\shibuyamizou\AppData\Roaming\npm-cache\polymer-cli\0.10.0\package.tgz
49 verbose unlock done using C:\Users\shibuyamizou\AppData\Roaming\npm-cache\_locks\polymer-cli-3ff5b9b05f268ab1.lock for C:\Program Files\nodejs\node_modules\polymer-cli
50 verbose fstream_path C:\Program Files\nodejs\node_modules\polymer-cli
51 verbose fstream_type Directory
52 verbose fstream_class DirWriter
53 verbose stack Error: EPERM: operation not permitted, mkdir 'C:\Program Files\nodejs\node_modules\polymer-cli'
53 verbose stack     at Error (native)
54 verbose fstream_stack C:\Users\shibuyamizou\AppData\Roaming\npm\node_modules\npm\node_modules\fstream\lib\dir-writer.js:35:25
54 verbose fstream_stack C:\Users\shibuyamizou\AppData\Roaming\npm\node_modules\npm\node_modules\mkdirp\index.js:47:53
54 verbose fstream_stack FSReqWrap.oncomplete (fs.js:117:15)
55 verbose cwd C:\Sites\houstn-polymer
56 error Windows_NT 10.0.10586
57 error argv "C:\\Program Files\\nodejs\\node.exe" "C:\\Users\\shibuyamizou\\AppData\\Roaming\\npm\\node_modules\\npm\\bin\\npm-cli.js" "install" "-g" "polymer-cli"
58 error node v6.2.0
59 error npm  v2.14.0
60 error path C:\Program Files\nodejs\node_modules\polymer-cli
61 error code EPERM
62 error errno -4048
63 error syscall mkdir
64 error Error: EPERM: operation not permitted, mkdir 'C:\Program Files\nodejs\node_modules\polymer-cli'
64 error     at Error (native)
64 error  { Error: EPERM: operation not permitted, mkdir 'C:\Program Files\nodejs\node_modules\polymer-cli'
64 error     at Error (native)
64 error   errno: -4048,
64 error   code: 'EPERM',
64 error   syscall: 'mkdir',
64 error   path: 'C:\\Program Files\\nodejs\\node_modules\\polymer-cli',
64 error   fstream_type: 'Directory',
64 error   fstream_path: 'C:\\Program Files\\nodejs\\node_modules\\polymer-cli',
64 error   fstream_class: 'DirWriter',
64 error   fstream_stack:
64 error    [ 'C:\\Users\\shibuyamizou\\AppData\\Roaming\\npm\\node_modules\\npm\\node_modules\\fstream\\lib\\dir-writer.js:35:25',
64 error      'C:\\Users\\shibuyamizou\\AppData\\Roaming\\npm\\node_modules\\npm\\node_modules\\mkdirp\\index.js:47:53',
64 error      'FSReqWrap.oncomplete (fs.js:117:15)' ] }
65 error Please try running this command again as root/Administrator.
66 verbose exit [ -4048, true ]
67 verbose unbuild node_modules\polymer-cli
68 silly gentlyRm C:\Program Files\nodejs\node_modules\polymer-cli is being purged from base C:\Program Files\nodejs
69 verbose gentlyRm don't care about contents; nuking C:\Program Files\nodejs\node_modules\polymer-cli
